[2024-10-12 19:56:54,334] 17 root - INFO - data loading started...
[2024-10-12 19:56:54,368] 20 root - INFO - data loading completed...
[2024-10-12 19:56:57,385] 142 google.auth.compute_engine._metadata - WARNING - Compute Engine Metadata server unavailable on attempt 1 of 3. Reason: timed out
[2024-10-12 19:57:01,437] 142 google.auth.compute_engine._metadata - WARNING - Compute Engine Metadata server unavailable on attempt 2 of 3. Reason: timed out
[2024-10-12 19:57:06,606] 142 google.auth.compute_engine._metadata - WARNING - Compute Engine Metadata server unavailable on attempt 3 of 3. Reason: timed out
[2024-10-12 19:57:06,608] 340 google.auth._default - WARNING - Authentication failed using Compute Engine authentication due to unavailable metadata server.
[2024-10-12 19:58:19,802] 17 root - INFO - data loading started...
[2024-10-12 19:58:19,803] 20 root - INFO - data loading completed...
[2024-10-12 19:58:21,572] 24 root - INFO - 
[2024-10-12 19:58:21,762] 32 root - INFO - 
[2024-10-12 19:58:24,766] 142 google.auth.compute_engine._metadata - WARNING - Compute Engine Metadata server unavailable on attempt 1 of 3. Reason: timed out
[2024-10-12 19:58:28,848] 142 google.auth.compute_engine._metadata - WARNING - Compute Engine Metadata server unavailable on attempt 2 of 3. Reason: timed out
[2024-10-12 19:58:33,744] 142 google.auth.compute_engine._metadata - WARNING - Compute Engine Metadata server unavailable on attempt 3 of 3. Reason: timed out
[2024-10-12 19:58:33,745] 340 google.auth._default - WARNING - Authentication failed using Compute Engine authentication due to unavailable metadata server.
[2024-10-12 20:03:23,176] 17 root - INFO - data loading started...
[2024-10-12 20:03:23,179] 20 root - INFO - data loading completed...
[2024-10-12 20:03:25,094] 29 root - INFO - 
[2024-10-12 20:03:25,103] 37 root - INFO - 
[2024-10-12 20:03:28,116] 142 google.auth.compute_engine._metadata - WARNING - Compute Engine Metadata server unavailable on attempt 1 of 3. Reason: timed out
[2024-10-12 20:03:32,202] 142 google.auth.compute_engine._metadata - WARNING - Compute Engine Metadata server unavailable on attempt 2 of 3. Reason: timed out
[2024-10-12 20:03:37,247] 142 google.auth.compute_engine._metadata - WARNING - Compute Engine Metadata server unavailable on attempt 3 of 3. Reason: timed out
[2024-10-12 20:03:37,247] 340 google.auth._default - WARNING - Authentication failed using Compute Engine authentication due to unavailable metadata server.
[2024-10-12 20:07:30,373] 17 root - INFO - data loading started...
[2024-10-12 20:07:30,376] 20 root - INFO - data loading completed...
[2024-10-12 20:07:32,285] 29 root - INFO - 
[2024-10-12 20:07:32,291] 37 root - INFO - 
[2024-10-12 20:07:34,036] 41 root - INFO - 
[2024-10-12 20:08:14,731] 17 root - INFO - data loading started...
[2024-10-12 20:08:14,736] 20 root - INFO - data loading completed...
[2024-10-12 20:08:16,317] 29 root - INFO - 
[2024-10-12 20:08:16,325] 37 root - INFO - 
[2024-10-12 20:08:18,090] 41 root - INFO - 
[2024-10-12 20:09:00,336] 17 root - INFO - data loading started...
[2024-10-12 20:09:00,339] 20 root - INFO - data loading completed...
[2024-10-12 20:09:02,194] 29 root - INFO - 
[2024-10-12 20:09:02,200] 37 root - INFO - 
[2024-10-12 20:09:04,056] 41 root - INFO - 
[2024-10-12 20:11:59,700] 17 root - INFO - data loading started...
[2024-10-12 20:11:59,701] 23 root - INFO - exception in loading data...
[2024-10-12 20:14:31,537] 17 root - INFO - data loading started...
[2024-10-12 20:14:31,538] 23 root - INFO - exception in loading data...
[2024-10-12 20:15:12,309] 17 root - INFO - data loading started...
[2024-10-12 20:15:12,310] 24 root - INFO - exception in loading data...
